[0.056s] DEBUG:colcon:Command line arguments: ['/usr/bin/colcon', 'list', '-p', '--base-paths', '/home/zh/X1/add_arm_aimrt/ADD/x1_rl_infer_aimrt']
[0.057s] DEBUG:colcon:Parsed command line arguments: Namespace(log_base=None, log_level=None, verb_name='list', build_base='build', ignore_user_meta=False, metas=['./colcon.meta'], base_paths=['/home/zh/X1/add_arm_aimrt/ADD/x1_rl_infer_aimrt'], packages_ignore=None, packages_ignore_regex=None, paths=None, packages_up_to=None, packages_up_to_regex=None, packages_above=None, packages_above_and_dependencies=None, packages_above_depth=None, packages_select_by_dep=None, packages_skip_by_dep=None, packages_skip_up_to=None, packages_select_build_failed=False, packages_skip_build_finished=False, packages_select_test_failures=False, packages_skip_test_passed=False, packages_select=None, packages_skip=None, packages_select_regex=None, packages_skip_regex=None, packages_start=None, packages_end=None, allow_overriding=[], topological_order=False, names_only=False, paths_only=True, topological_graph=False, topological_graph_dot=False, topological_graph_density=False, topological_graph_legend=False, topological_graph_dot_cluster=False, topological_graph_dot_include_skipped=False, verb_parser=<colcon_defaults.argument_parser.defaults.DefaultArgumentsDecorator object at 0x71b9640dc910>, verb_extension=<colcon_package_information.verb.list.ListVerb object at 0x71b96409fa90>, main=<bound method ListVerb.main of <colcon_package_information.verb.list.ListVerb object at 0x71b96409fa90>>)
[0.148s] Level 1:colcon.colcon_core.package_discovery:discover_packages(colcon_meta) check parameters
[0.148s] Level 1:colcon.colcon_core.package_discovery:discover_packages(recursive) check parameters
[0.148s] Level 1:colcon.colcon_core.package_discovery:discover_packages(ignore) check parameters
[0.148s] Level 1:colcon.colcon_core.package_discovery:discover_packages(path) check parameters
[0.148s] Level 1:colcon.colcon_core.package_discovery:discover_packages(recursive) discover
[0.149s] INFO:colcon.colcon_core.package_discovery:Crawling recursively for packages in '/home/zh/X1/add_arm_aimrt/ADD/x1_rl_infer_aimrt'
[0.149s] Level 1:colcon.colcon_core.package_identification:_identify(/home/zh/X1/add_arm_aimrt/ADD/x1_rl_infer_aimrt) by extensions ['ignore', 'ignore_ament_install']
[0.149s] Level 1:colcon.colcon_core.package_identification:_identify(/home/zh/X1/add_arm_aimrt/ADD/x1_rl_infer_aimrt) by extension 'ignore'
[0.149s] Level 1:colcon.colcon_core.package_identification:_identify(/home/zh/X1/add_arm_aimrt/ADD/x1_rl_infer_aimrt) by extension 'ignore_ament_install'
[0.149s] Level 1:colcon.colcon_core.package_identification:_identify(/home/zh/X1/add_arm_aimrt/ADD/x1_rl_infer_aimrt) by extensions ['colcon_pkg']
[0.149s] Level 1:colcon.colcon_core.package_identification:_identify(/home/zh/X1/add_arm_aimrt/ADD/x1_rl_infer_aimrt) by extension 'colcon_pkg'
[0.149s] Level 1:colcon.colcon_core.package_identification:_identify(/home/zh/X1/add_arm_aimrt/ADD/x1_rl_infer_aimrt) by extensions ['colcon_meta']
[0.149s] Level 1:colcon.colcon_core.package_identification:_identify(/home/zh/X1/add_arm_aimrt/ADD/x1_rl_infer_aimrt) by extension 'colcon_meta'
[0.149s] Level 1:colcon.colcon_core.package_identification:_identify(/home/zh/X1/add_arm_aimrt/ADD/x1_rl_infer_aimrt) by extensions ['ros']
[0.149s] Level 1:colcon.colcon_core.package_identification:_identify(/home/zh/X1/add_arm_aimrt/ADD/x1_rl_infer_aimrt) by extension 'ros'
[0.158s] Level 1:colcon.colcon_core.package_identification:_identify(/home/zh/X1/add_arm_aimrt/ADD/x1_rl_infer_aimrt) by extensions ['cmake', 'python']
[0.158s] Level 1:colcon.colcon_core.package_identification:_identify(/home/zh/X1/add_arm_aimrt/ADD/x1_rl_infer_aimrt) by extension 'cmake'
[0.162s] Level 1:colcon.colcon_core.package_identification:_identify(/home/zh/X1/add_arm_aimrt/ADD/x1_rl_infer_aimrt) by extension 'python'
[0.162s] DEBUG:colcon.colcon_core.package_identification:Package '/home/zh/X1/add_arm_aimrt/ADD/x1_rl_infer_aimrt' with type 'cmake' and name 'xyber_x1_infer'
[0.162s] Level 1:colcon.colcon_core.package_discovery:discover_packages(recursive) using defaults
